INFO:     Started server process [16880]
INFO:     Waiting for application startup.
INFO:     Application startup complete.
INFO:     Uvicorn running on http://0.0.0.0:80 (Press CTRL+C to quit)
INFO:     127.0.0.1:59437 - "GET / HTTP/1.1" 200 OK
INFO:     127.0.0.1:59447 - "GET / HTTP/1.1" 200 OK
INFO:     Shutting down
INFO:     Waiting for application shutdown.
INFO:     Application shutdown complete.
INFO:     Finished server process [16880]
Usage: uvicorn [OPTIONS] APP
Try 'uvicorn --help' for help.

Error: No such option: -d
Usage: uvicorn [OPTIONS] APP
Try 'uvicorn --help' for help.

Error: Got unexpected extra argument (disown)
Usage: uvicorn [OPTIONS] APP
Try 'uvicorn --help' for help.

Error: No such option: -d
INFO:     Started server process [8124]
INFO:     Waiting for application startup.
INFO:     Application startup complete.
INFO:     Uvicorn running on http://0.0.0.0:80 (Press CTRL+C to quit)
INFO:     127.0.0.1:60082 - "GET / HTTP/1.1" 200 OK
INFO:     Shutting down
INFO:     Waiting for application shutdown.
INFO:     Application shutdown complete.
INFO:     Finished server process [8124]
